current directory: /home/xeno/gitRepo/octopress/vender/bundle/ruby/2.1.0/gems/RedCloth-4.2.9/ext/redcloth_scan
/usr/bin/ruby.ruby2.1 -r ./siteconf20161121-10538-1i1bmzf.rb extconf.rb
checking for main() in -lc... yes
creating Makefile

To see why this extension failed to compile, please check the mkmf.log which can be found here:

  /home/xeno/gitRepo/octopress/vender/bundle/ruby/2.1.0/extensions/x86_64-linux/2.1.0/RedCloth-4.2.9/mkmf.log

current directory: /home/xeno/gitRepo/octopress/vender/bundle/ruby/2.1.0/gems/RedCloth-4.2.9/ext/redcloth_scan
make "DESTDIR=" clean

current directory: /home/xeno/gitRepo/octopress/vender/bundle/ruby/2.1.0/gems/RedCloth-4.2.9/ext/redcloth_scan
make "DESTDIR="
compiling redcloth_attributes.c
In file included from /usr/include/stdio.h:27:0,
                 from /usr/include/ruby-2.1.0/ruby/defines.h:26,
                 from /usr/include/ruby-2.1.0/ruby/ruby.h:29,
                 from /usr/include/ruby-2.1.0/ruby.h:33,
                 from ragel/redcloth_attributes.c.rl:7:
/usr/include/features.h:328:4: warning: #warning _FORTIFY_SOURCE requires compiling with optimization (-O) [-Wcpp]
 #  warning _FORTIFY_SOURCE requires compiling with optimization (-O)
    ^
ragel/redcloth_attributes.c.rl: In function ‘redcloth_attribute_parser’:
ragel/redcloth_attributes.c.rl:27:11: warning: variable ‘act’ set but not used [-Wunused-but-set-variable]
compiling redcloth_inline.c
In file included from /usr/include/stdio.h:27:0,
                 from /usr/include/ruby-2.1.0/ruby/defines.h:26,
                 from /usr/include/ruby-2.1.0/ruby/ruby.h:29,
                 from /usr/include/ruby-2.1.0/ruby.h:33,
                 from ragel/redcloth_inline.c.rl:7:
/usr/include/features.h:328:4: warning: #warning _FORTIFY_SOURCE requires compiling with optimization (-O) [-Wcpp]
 #  warning _FORTIFY_SOURCE requires compiling with optimization (-O)
    ^
ragel/redcloth_inline.c.rl: In function ‘red_block’:
ragel/redcloth_inline.c.rl:100:9: warning: variable ‘attr_regs’ set but not used [-Wunused-but-set-variable]
compiling redcloth_scan.c
In file included from /usr/include/stdio.h:27:0,
                 from /usr/include/ruby-2.1.0/ruby/defines.h:26,
                 from /usr/include/ruby-2.1.0/ruby/ruby.h:29,
                 from /usr/include/ruby-2.1.0/ruby.h:33,
                 from ragel/redcloth_scan.c.rl:9:
/usr/include/features.h:328:4: warning: #warning _FORTIFY_SOURCE requires compiling with optimization (-O) [-Wcpp]
 #  warning _FORTIFY_SOURCE requires compiling with optimization (-O)
    ^
linking shared-object redcloth_scan.so

current directory: /home/xeno/gitRepo/octopress/vender/bundle/ruby/2.1.0/gems/RedCloth-4.2.9/ext/redcloth_scan
make "DESTDIR=" install
/usr/bin/install -c -m 0755 redcloth_scan.so ./.gem.20161121-10538-1xdp6gv
installing default redcloth_scan libraries
