have_library: checking for main() in -lc... -------------------- yes

"gcc -o conftest -I/usr/include/ruby-2.1.0/x86_64-linux-gnu -I/usr/include/ruby-2.1.0/ruby/backward -I/usr/include/ruby-2.1.0 -I.    -fmessage-length=0 -grecord-gcc-switches -O2 -Wall -D_FORTIFY_SOURCE=2 -fstack-protector -funwind-tables -fasynchronous-unwind-tables -g -fno-strict-aliasing -fPIC -O0 -Wall  conftest.c  -L. -L/usr/lib64 -L. -fstack-protector -rdynamic -Wl,-export-dynamic     -lruby2.1  -lpthread -ldl -lcrypt -lm   -lc"
In file included from /usr/include/stdio.h:27:0,
                 from /usr/include/ruby-2.1.0/ruby/defines.h:26,
                 from /usr/include/ruby-2.1.0/ruby/ruby.h:29,
                 from /usr/include/ruby-2.1.0/ruby.h:33,
                 from conftest.c:1:
/usr/include/features.h:328:4: warning: #warning _FORTIFY_SOURCE requires compiling with optimization (-O) [-Wcpp]
 #  warning _FORTIFY_SOURCE requires compiling with optimization (-O)
    ^
checked program was:
/* begin */
1: #include "ruby.h"
2: 
3: int main(int argc, char **argv)
4: {
5:   return 0;
6: }
/* end */

"gcc -o conftest -I/usr/include/ruby-2.1.0/x86_64-linux-gnu -I/usr/include/ruby-2.1.0/ruby/backward -I/usr/include/ruby-2.1.0 -I.    -fmessage-length=0 -grecord-gcc-switches -O2 -Wall -D_FORTIFY_SOURCE=2 -fstack-protector -funwind-tables -fasynchronous-unwind-tables -g -fno-strict-aliasing -fPIC -O0 -Wall  conftest.c  -L. -L/usr/lib64 -L. -fstack-protector -rdynamic -Wl,-export-dynamic     -lruby2.1 -lc  -lpthread -ldl -lcrypt -lm   -lc"
In file included from /usr/include/stdio.h:27:0,
                 from /usr/include/ruby-2.1.0/ruby/defines.h:26,
                 from /usr/include/ruby-2.1.0/ruby/ruby.h:29,
                 from /usr/include/ruby-2.1.0/ruby.h:33,
                 from conftest.c:1:
/usr/include/features.h:328:4: warning: #warning _FORTIFY_SOURCE requires compiling with optimization (-O) [-Wcpp]
 #  warning _FORTIFY_SOURCE requires compiling with optimization (-O)
    ^
conftest.c: In function ‘t’:
conftest.c:13:32: warning: variable ‘p’ set but not used [-Wunused-but-set-variable]
 int t(void) { void ((*volatile p)()); p = (void ((*)()))main; return 0; }
                                ^
checked program was:
/* begin */
 1: #include "ruby.h"
 2: 
 3: /*top*/
 4: extern int t(void);
 5: int main(int argc, char **argv)
 6: {
 7:   if (argc > 1000000) {
 8:     printf("%p", &t);
 9:   }
10: 
11:   return 0;
12: }
13: int t(void) { void ((*volatile p)()); p = (void ((*)()))main; return 0; }
/* end */

--------------------

