current directory: /home/xeno/gitRepo/octopress/vender/bundle/ruby/2.1.0/gems/redcarpet-3.3.4/ext/redcarpet
/usr/bin/ruby.ruby2.1 -r ./siteconf20161121-10538-1ttrygt.rb extconf.rb
creating Makefile

current directory: /home/xeno/gitRepo/octopress/vender/bundle/ruby/2.1.0/gems/redcarpet-3.3.4/ext/redcarpet
make "DESTDIR=" clean

current directory: /home/xeno/gitRepo/octopress/vender/bundle/ruby/2.1.0/gems/redcarpet-3.3.4/ext/redcarpet
make "DESTDIR="
compiling autolink.c
compiling buffer.c
buffer.c: In function ‘bufcstr’:
buffer.c:111:2: warning: passing argument 1 of ‘bufgrow’ discards ‘const’ qualifier from pointer target type [enabled by default]
  if (buf->size + 1 <= buf->asize || bufgrow(buf, buf->size + 1) == BUF_OK) {
  ^
buffer.c:60:1: note: expected ‘struct buf *’ but argument is of type ‘const struct buf *’
 bufgrow(struct buf *buf, size_t neosz)
 ^
compiling houdini_href_e.c
compiling houdini_html_e.c
compiling html.c
compiling html_smartypants.c
compiling markdown.c
markdown.c: In function ‘sd_markdown_render’:
markdown.c:2838:3: warning: passing argument 1 of ‘is_codefence’ discards ‘const’ qualifier from pointer target type [enabled by default]
   if (codefences_enabled && (is_codefence(document + beg, doc_size - beg, NULL) != 0))
   ^
markdown.c:1391:1: note: expected ‘uint8_t *’ but argument is of type ‘const uint8_t *’
 is_codefence(uint8_t *data, size_t size, struct buf *syntax)
 ^
markdown.c: At top level:
markdown.c:94:15: warning: ‘char_underline’ declared ‘static’ but never defined [-Wunused-function]
 static size_t char_underline(struct buf *ob, struct sd_markdown *rndr, uint8_t *data, size_t offset, size_t size);
               ^
markdown.c:95:15: warning: ‘char_highlight’ declared ‘static’ but never defined [-Wunused-function]
 static size_t char_highlight(struct buf *ob, struct sd_markdown *rndr, uint8_t *data, size_t offset, size_t size);
               ^
compiling rc_markdown.c
compiling rc_render.c
rc_render.c: In function ‘rndr_link_attributes’:
rc_render.c:287:28: warning: variable ‘rndr’ set but not used [-Wunused-but-set-variable]
  struct rb_redcarpet_rndr *rndr;
                            ^
compiling stack.c
linking shared-object redcarpet.so

current directory: /home/xeno/gitRepo/octopress/vender/bundle/ruby/2.1.0/gems/redcarpet-3.3.4/ext/redcarpet
make "DESTDIR=" install
/usr/bin/install -c -m 0755 redcarpet.so ./.gem.20161121-10538-2apat0
installing default redcarpet libraries
