current directory: /home/xeno/gitRepo/octopress/vender/bundle/ruby/2.1.0/gems/ffi-1.9.14/ext/ffi_c
/usr/bin/ruby.ruby2.1 -r ./siteconf20161121-10538-kmkh65.rb extconf.rb
checking for ffi_call() in -lffi... yes
checking for ffi_prep_closure()... yes
checking for ffi_raw_call()... yes
checking for ffi_prep_raw_closure()... yes
checking for rb_thread_blocking_region()... yes
checking for rb_thread_call_with_gvl()... yes
checking for rb_thread_call_without_gvl()... yes
checking for ffi_prep_cif_var()... yes
creating extconf.h
creating Makefile

To see why this extension failed to compile, please check the mkmf.log which can be found here:

  /home/xeno/gitRepo/octopress/vender/bundle/ruby/2.1.0/extensions/x86_64-linux/2.1.0/ffi-1.9.14/mkmf.log

current directory: /home/xeno/gitRepo/octopress/vender/bundle/ruby/2.1.0/gems/ffi-1.9.14/ext/ffi_c
make "DESTDIR=" clean

current directory: /home/xeno/gitRepo/octopress/vender/bundle/ruby/2.1.0/gems/ffi-1.9.14/ext/ffi_c
make "DESTDIR="
compiling AbstractMemory.c
AbstractMemory.c:82:1: warning: ‘memory_put_longdouble’ defined but not used [-Wunused-function]
 memory_put_##name(VALUE self, VALUE offset, VALUE value) \
 ^
AbstractMemory.c:255:1: note: in expansion of macro ‘NUM_OP’
 NUM_OP(longdouble, long double, rbffi_num2longdouble, rbffi_longdouble_new, NOSWAP);
 ^
AbstractMemory.c:91:1: warning: ‘memory_write_longdouble’ defined but not used [-Wunused-function]
 memory_write_##name(VALUE self, VALUE value) \
 ^
AbstractMemory.c:255:1: note: in expansion of macro ‘NUM_OP’
 NUM_OP(longdouble, long double, rbffi_num2longdouble, rbffi_longdouble_new, NOSWAP);
 ^
AbstractMemory.c:110:1: warning: ‘memory_get_longdouble’ defined but not used [-Wunused-function]
 memory_get_##name(VALUE self, VALUE offset) \
 ^
AbstractMemory.c:255:1: note: in expansion of macro ‘NUM_OP’
 NUM_OP(longdouble, long double, rbffi_num2longdouble, rbffi_longdouble_new, NOSWAP);
 ^
AbstractMemory.c:118:1: warning: ‘memory_read_longdouble’ defined but not used [-Wunused-function]
 memory_read_##name(VALUE self) \
 ^
AbstractMemory.c:255:1: note: in expansion of macro ‘NUM_OP’
 NUM_OP(longdouble, long double, rbffi_num2longdouble, rbffi_longdouble_new, NOSWAP);
 ^
AbstractMemory.c:144:1: warning: ‘memory_write_array_of_longdouble’ defined but not used [-Wunused-function]
 memory_write_array_of_##name(VALUE self, VALUE ary) \
 ^
AbstractMemory.c:255:1: note: in expansion of macro ‘NUM_OP’
 NUM_OP(longdouble, long double, rbffi_num2longdouble, rbffi_longdouble_new, NOSWAP);
 ^
AbstractMemory.c:168:1: warning: ‘memory_read_array_of_longdouble’ defined but not used [-Wunused-function]
 memory_read_array_of_##name(VALUE self, VALUE length) \
 ^
AbstractMemory.c:255:1: note: in expansion of macro ‘NUM_OP’
 NUM_OP(longdouble, long double, rbffi_num2longdouble, rbffi_longdouble_new, NOSWAP);
 ^
AbstractMemory.c:82:1: warning: ‘memory_put_bool’ defined but not used [-Wunused-function]
 memory_put_##name(VALUE self, VALUE offset, VALUE value) \
 ^
AbstractMemory.c:291:1: note: in expansion of macro ‘NUM_OP’
 NUM_OP(bool, unsigned char, rbffi_bool_value, rbffi_bool_new, NOSWAP);
 ^
AbstractMemory.c:91:1: warning: ‘memory_write_bool’ defined but not used [-Wunused-function]
 memory_write_##name(VALUE self, VALUE value) \
 ^
AbstractMemory.c:291:1: note: in expansion of macro ‘NUM_OP’
 NUM_OP(bool, unsigned char, rbffi_bool_value, rbffi_bool_new, NOSWAP);
 ^
AbstractMemory.c:110:1: warning: ‘memory_get_bool’ defined but not used [-Wunused-function]
 memory_get_##name(VALUE self, VALUE offset) \
 ^
AbstractMemory.c:291:1: note: in expansion of macro ‘NUM_OP’
 NUM_OP(bool, unsigned char, rbffi_bool_value, rbffi_bool_new, NOSWAP);
 ^
AbstractMemory.c:118:1: warning: ‘memory_read_bool’ defined but not used [-Wunused-function]
 memory_read_##name(VALUE self) \
 ^
AbstractMemory.c:291:1: note: in expansion of macro ‘NUM_OP’
 NUM_OP(bool, unsigned char, rbffi_bool_value, rbffi_bool_new, NOSWAP);
 ^
AbstractMemory.c:144:1: warning: ‘memory_write_array_of_bool’ defined but not used [-Wunused-function]
 memory_write_array_of_##name(VALUE self, VALUE ary) \
 ^
AbstractMemory.c:291:1: note: in expansion of macro ‘NUM_OP’
 NUM_OP(bool, unsigned char, rbffi_bool_value, rbffi_bool_new, NOSWAP);
 ^
AbstractMemory.c:168:1: warning: ‘memory_read_array_of_bool’ defined but not used [-Wunused-function]
 memory_read_array_of_##name(VALUE self, VALUE length) \
 ^
AbstractMemory.c:291:1: note: in expansion of macro ‘NUM_OP’
 NUM_OP(bool, unsigned char, rbffi_bool_value, rbffi_bool_new, NOSWAP);
 ^
AbstractMemory.c:407:1: warning: ‘memory_read_array_of_string’ defined but not used [-Wunused-function]
 memory_read_array_of_string(int argc, VALUE* argv, VALUE self)
 ^
compiling ArrayType.c
compiling Buffer.c
compiling Call.c
Call.c: In function ‘rbffi_do_blocking_call’:
Call.c:355:5: warning: implicit declaration of function ‘rb_thread_call_without_gvl’ [-Wimplicit-function-declaration]
     rbffi_thread_blocking_region(call_blocking_function, data, (void *) -1, NULL);
     ^
compiling ClosurePool.c
compiling DataConverter.c
compiling DynamicLibrary.c
compiling Function.c
Function.c: In function ‘callback_invoke’:
Function.c:483:14: warning: variable ‘empty’ set but not used [-Wunused-but-set-variable]
         bool empty = false;
              ^
Function.c: In function ‘async_cb_event’:
Function.c:563:9: warning: implicit declaration of function ‘rb_thread_call_without_gvl’ [-Wimplicit-function-declaration]
         rb_thread_call_without_gvl(async_cb_wait, &w, async_cb_stop, &w);
         ^
compiling FunctionInfo.c
FunctionInfo.c: In function ‘fntype_initialize’:
FunctionInfo.c:121:27: warning: variable ‘rbConvention’ set but not used [-Wunused-but-set-variable]
     VALUE rbEnums = Qnil, rbConvention = Qnil, rbBlocking = Qnil;
                           ^
compiling LastError.c
compiling LongDouble.c
compiling MappedType.c
compiling MemoryPointer.c
compiling MethodHandle.c
compiling Platform.c
compiling Pointer.c
compiling Struct.c
compiling StructByReference.c
compiling StructByValue.c
compiling StructLayout.c
StructLayout.c: In function ‘struct_field_initialize’:
StructLayout.c:102:9: warning: variable ‘nargs’ set but not used [-Wunused-but-set-variable]
     int nargs;
         ^
compiling Thread.c
compiling Type.c
compiling Types.c
compiling Variadic.c
Variadic.c: In function ‘variadic_initialize’:
Variadic.c:106:11: warning: variable ‘convention’ set but not used [-Wunused-but-set-variable]
     VALUE convention = Qnil;
           ^
compiling ffi.c
linking shared-object ffi_c.so

current directory: /home/xeno/gitRepo/octopress/vender/bundle/ruby/2.1.0/gems/ffi-1.9.14/ext/ffi_c
make "DESTDIR=" install
/usr/bin/install -c -m 0755 ffi_c.so ./.gem.20161121-10538-15f605f
installing default ffi_c libraries
